INFO:     Will watch for changes in these directories: ['/workspace/backend']
INFO:     Uvicorn running on http://0.0.0.0:8000 (Press CTRL+C to quit)
INFO:     Started reloader process [19114] using WatchFiles
INFO:     Started server process [19116]
INFO:     Waiting for application startup.
INFO:     Application startup complete.
Running database migrations...
============================================================
Database Migration Runner
============================================================
Database: /workspace/backend/database/compliance.db
Migrations directory: /workspace/backend/database/migrations
------------------------------------------------------------
Applied migrations: 1
Available migrations: 1

✓ Database is up to date. No migrations to apply.
Database initialized at /workspace/backend/database/compliance.db
INFO:     127.0.0.1:41748 - "GET / HTTP/1.1" 200 OK
INFO:     127.0.0.1:40988 - "POST /api/auth/register HTTP/1.1" 200 OK
INFO:     127.0.0.1:38698 - "POST /api/auth/login HTTP/1.1" 200 OK
